<?xml version="1.0" encoding="UTF-8"?>
<!-- Generated by org.testng.reporters.JUnitReportReporter -->
<testsuite hostname="RSJALD" failures="0" tests="1" name="com.RSJald.SwahLabsTestingLearning.LoginTest" time="72.930" errors="0" timestamp="2023-01-27T08:46:50 IST" skipped="0">
  <testcase classname="com.RSJald.SwahLabsTestingLearning.LoginTest" name="testLogin" time="72.930"/>
  <system-out/>
</testsuite> <!-- com.RSJald.SwahLabsTestingLearning.LoginTest -->
