<?xml version="1.0" encoding="UTF-8"?>
<!-- Generated by org.testng.reporters.JUnitReportReporter -->
<testsuite hostname="RSJALD" failures="0" tests="4" name="com.RSJald.SwahLabsTestingLearning.ALLUsersTest" time="108.685" errors="0" timestamp="2023-01-28T09:17:36 IST" skipped="0">
  <testcase classname="com.RSJald.SwahLabsTestingLearning.ALLUsersTest" name="testLoginUsers" time="36.908"/>
  <system-out/>
  <testcase classname="com.RSJald.SwahLabsTestingLearning.ALLUsersTest" name="testLoginUsers" time="12.057"/>
  <system-out/>
  <testcase classname="com.RSJald.SwahLabsTestingLearning.ALLUsersTest" name="testLoginUsers" time="40.581"/>
  <system-out/>
  <testcase classname="com.RSJald.SwahLabsTestingLearning.ALLUsersTest" name="testLoginUsers" time="19.139"/>
  <system-out/>
</testsuite> <!-- com.RSJald.SwahLabsTestingLearning.ALLUsersTest -->
